<?xml version="1.0" encoding="UTF-8"?>
<testng-results skipped="0" failed="0" total="1" passed="1">
  <reporter-output>
  </reporter-output>
  <suite name="assignment1" duration-ms="20558" started-at="2020-01-18T07:53:10Z" finished-at="2020-01-18T07:53:31Z">
    <groups>
    </groups>
    <test name="testngTest" duration-ms="20558" started-at="2020-01-18T07:53:10Z" finished-at="2020-01-18T07:53:31Z">
      <class name="com.TestCases.AssignmentTestCase">
        <test-method status="PASS" signature="setup()[pri:0, instance:com.TestCases.AssignmentTestCase@62ee68d8]" name="setup" is-config="true" duration-ms="9035" started-at="2020-01-18T13:23:10Z" finished-at="2020-01-18T13:23:19Z">
          <reporter-output>
          </reporter-output>
        </test-method> <!-- setup -->
        <test-method status="PASS" signature="LoginTest()[pri:0, instance:com.TestCases.AssignmentTestCase@62ee68d8]" name="LoginTest" duration-ms="10554" started-at="2020-01-18T13:23:19Z" finished-at="2020-01-18T13:23:30Z">
          <reporter-output>
          </reporter-output>
        </test-method> <!-- LoginTest -->
        <test-method status="PASS" signature="cleanUp()[pri:0, instance:com.TestCases.AssignmentTestCase@62ee68d8]" name="cleanUp" is-config="true" duration-ms="956" started-at="2020-01-18T13:23:30Z" finished-at="2020-01-18T13:23:31Z">
          <reporter-output>
          </reporter-output>
        </test-method> <!-- cleanUp -->
      </class> <!-- com.TestCases.AssignmentTestCase -->
    </test> <!-- testngTest -->
  </suite> <!-- assignment1 -->
</testng-results>
